<?xml version="1.0" encoding="UTF-8"?>
<testsuite xmlns:xsi="http://www.w3.org/2001/XMLSchema-instance" xsi:noNamespaceSchemaLocation="https://maven.apache.org/surefire/maven-surefire-plugin/xsd/surefire-test-report.xsd" name="TestSuite" time="10.377" tests="2" errors="0" skipped="0" failures="0">
  <properties>
    <property name="sun.desktop" value="windows"/>
    <property name="awt.toolkit" value="sun.awt.windows.WToolkit"/>
    <property name="file.encoding.pkg" value="sun.io"/>
    <property name="java.specification.version" value="1.8"/>
    <property name="sun.cpu.isalist" value="amd64"/>
    <property name="sun.jnu.encoding" value="Cp1252"/>
    <property name="java.class.path" value="C:\Users\VDUDDUKU\eclipse-workspace\APIFramework\target\test-classes;C:\Users\VDUDDUKU\eclipse-workspace\APIFramework\target\classes;C:\windows\system32\config\systemprofile\.m2\repository\junit\junit\4.11\junit-4.11.jar;C:\windows\system32\config\systemprofile\.m2\repository\org\hamcrest\hamcrest-core\1.3\hamcrest-core-1.3.jar;C:\windows\system32\config\systemprofile\.m2\repository\io\cucumber\cucumber-java\4.2.6\cucumber-java-4.2.6.jar;C:\windows\system32\config\systemprofile\.m2\repository\io\cucumber\cucumber-core\4.2.6\cucumber-core-4.2.6.jar;C:\windows\system32\config\systemprofile\.m2\repository\io\cucumber\cucumber-html\0.2.7\cucumber-html-0.2.7.jar;C:\windows\system32\config\systemprofile\.m2\repository\io\cucumber\gherkin\5.1.0\gherkin-5.1.0.jar;C:\windows\system32\config\systemprofile\.m2\repository\io\cucumber\tag-expressions\1.1.1\tag-expressions-1.1.1.jar;C:\windows\system32\config\systemprofile\.m2\repository\io\cucumber\cucumber-expressions\6.2.0\cucumber-expressions-6.2.0.jar;C:\windows\system32\config\systemprofile\.m2\repository\io\cucumber\datatable\1.1.12\datatable-1.1.12.jar;C:\windows\system32\config\systemprofile\.m2\repository\io\cucumber\datatable-dependencies\1.1.12\datatable-dependencies-1.1.12.jar;C:\windows\system32\config\systemprofile\.m2\repository\io\cucumber\cucumber-testng\4.2.6\cucumber-testng-4.2.6.jar;C:\windows\system32\config\systemprofile\.m2\repository\org\testng\testng\6.14.3\testng-6.14.3.jar;C:\windows\system32\config\systemprofile\.m2\repository\com\beust\jcommander\1.72\jcommander-1.72.jar;C:\windows\system32\config\systemprofile\.m2\repository\org\apache-extras\beanshell\bsh\2.0b6\bsh-2.0b6.jar;C:\windows\system32\config\systemprofile\.m2\repository\io\rest-assured\rest-assured\4.3.0\rest-assured-4.3.0.jar;C:\windows\system32\config\systemprofile\.m2\repository\org\codehaus\groovy\groovy\3.0.2\groovy-3.0.2.jar;C:\windows\system32\config\systemprofile\.m2\repository\org\codehaus\groovy\groovy-xml\3.0.2\groovy-xml-3.0.2.jar;C:\windows\system32\config\systemprofile\.m2\repository\org\apache\httpcomponents\httpclient\4.5.3\httpclient-4.5.3.jar;C:\windows\system32\config\systemprofile\.m2\repository\org\apache\httpcomponents\httpcore\4.4.6\httpcore-4.4.6.jar;C:\windows\system32\config\systemprofile\.m2\repository\commons-logging\commons-logging\1.2\commons-logging-1.2.jar;C:\windows\system32\config\systemprofile\.m2\repository\commons-codec\commons-codec\1.9\commons-codec-1.9.jar;C:\windows\system32\config\systemprofile\.m2\repository\org\apache\httpcomponents\httpmime\4.5.3\httpmime-4.5.3.jar;C:\windows\system32\config\systemprofile\.m2\repository\org\hamcrest\hamcrest\2.1\hamcrest-2.1.jar;C:\windows\system32\config\systemprofile\.m2\repository\org\ccil\cowan\tagsoup\tagsoup\1.2.1\tagsoup-1.2.1.jar;C:\windows\system32\config\systemprofile\.m2\repository\io\rest-assured\json-path\4.3.0\json-path-4.3.0.jar;C:\windows\system32\config\systemprofile\.m2\repository\org\codehaus\groovy\groovy-json\3.0.2\groovy-json-3.0.2.jar;C:\windows\system32\config\systemprofile\.m2\repository\io\rest-assured\rest-assured-common\4.3.0\rest-assured-common-4.3.0.jar;C:\windows\system32\config\systemprofile\.m2\repository\io\rest-assured\xml-path\4.3.0\xml-path-4.3.0.jar;C:\windows\system32\config\systemprofile\.m2\repository\org\apache\commons\commons-lang3\3.4\commons-lang3-3.4.jar;C:\windows\system32\config\systemprofile\.m2\repository\jakarta\xml\bind\jakarta.xml.bind-api\2.3.2\jakarta.xml.bind-api-2.3.2.jar;C:\windows\system32\config\systemprofile\.m2\repository\jakarta\activation\jakarta.activation-api\1.2.1\jakarta.activation-api-1.2.1.jar;C:\windows\system32\config\systemprofile\.m2\repository\com\sun\xml\bind\jaxb-osgi\2.3.0.1\jaxb-osgi-2.3.0.1.jar;C:\windows\system32\config\systemprofile\.m2\repository\org\apache\sling\org.apache.sling.javax.activation\0.1.0\org.apache.sling.javax.activation-0.1.0.jar;C:\windows\system32\config\systemprofile\.m2\repository\javax\activation\activation\1.1.1\activation-1.1.1.jar;C:\windows\system32\config\systemprofile\.m2\repository\com\google\code\gson\gson\2.8.6\gson-2.8.6.jar;C:\windows\system32\config\systemprofile\.m2\repository\net\masterthought\maven-cucumber-reporting\5.0.0\maven-cucumber-reporting-5.0.0.jar;C:\windows\system32\config\systemprofile\.m2\repository\org\apache\maven\maven-plugin-api\3.6.2\maven-plugin-api-3.6.2.jar;C:\windows\system32\config\systemprofile\.m2\repository\org\apache\maven\maven-model\3.6.2\maven-model-3.6.2.jar;C:\windows\system32\config\systemprofile\.m2\repository\org\apache\maven\maven-artifact\3.6.2\maven-artifact-3.6.2.jar;C:\windows\system32\config\systemprofile\.m2\repository\org\eclipse\sisu\org.eclipse.sisu.plexus\0.3.3\org.eclipse.sisu.plexus-0.3.3.jar;C:\windows\system32\config\systemprofile\.m2\repository\javax\enterprise\cdi-api\1.0\cdi-api-1.0.jar;C:\windows\system32\config\systemprofile\.m2\repository\javax\annotation\jsr250-api\1.0\jsr250-api-1.0.jar;C:\windows\system32\config\systemprofile\.m2\repository\javax\inject\javax.inject\1\javax.inject-1.jar;C:\windows\system32\config\systemprofile\.m2\repository\org\eclipse\sisu\org.eclipse.sisu.inject\0.3.3\org.eclipse.sisu.inject-0.3.3.jar;C:\windows\system32\config\systemprofile\.m2\repository\org\codehaus\plexus\plexus-component-annotations\1.5.5\plexus-component-annotations-1.5.5.jar;C:\windows\system32\config\systemprofile\.m2\repository\org\codehaus\plexus\plexus-utils\3.2.1\plexus-utils-3.2.1.jar;C:\windows\system32\config\systemprofile\.m2\repository\org\codehaus\plexus\plexus-classworlds\2.6.0\plexus-classworlds-2.6.0.jar;C:\windows\system32\config\systemprofile\.m2\repository\org\apache\maven\plugins\maven-gpg-plugin\1.6\maven-gpg-plugin-1.6.jar;C:\windows\system32\config\systemprofile\.m2\repository\org\apache\maven\maven-project\2.2.1\maven-project-2.2.1.jar;C:\windows\system32\config\systemprofile\.m2\repository\org\apache\maven\maven-settings\2.2.1\maven-settings-2.2.1.jar;C:\windows\system32\config\systemprofile\.m2\repository\org\apache\maven\maven-profile\2.2.1\maven-profile-2.2.1.jar;C:\windows\system32\config\systemprofile\.m2\repository\org\apache\maven\maven-artifact-manager\2.2.1\maven-artifact-manager-2.2.1.jar;C:\windows\system32\config\systemprofile\.m2\repository\org\apache\maven\wagon\wagon-provider-api\1.0-beta-6\wagon-provider-api-1.0-beta-6.jar;C:\windows\system32\config\systemprofile\.m2\repository\backport-util-concurrent\backport-util-concurrent\3.1\backport-util-concurrent-3.1.jar;C:\windows\system32\config\systemprofile\.m2\repository\org\apache\maven\maven-plugin-registry\2.2.1\maven-plugin-registry-2.2.1.jar;C:\windows\system32\config\systemprofile\.m2\repository\org\codehaus\plexus\plexus-interpolation\1.11\plexus-interpolation-1.11.jar;C:\windows\system32\config\systemprofile\.m2\repository\org\codehaus\plexus\plexus-container-default\1.0-alpha-9-stable-1\plexus-container-default-1.0-alpha-9-stable-1.jar;C:\windows\system32\config\systemprofile\.m2\repository\classworlds\classworlds\1.1-alpha-2\classworlds-1.1-alpha-2.jar;C:\windows\system32\config\systemprofile\.m2\repository\org\apache\maven\maven-repository-metadata\2.2.1\maven-repository-metadata-2.2.1.jar;C:\windows\system32\config\systemprofile\.m2\repository\org\sonatype\plexus\plexus-sec-dispatcher\1.4\plexus-sec-dispatcher-1.4.jar;C:\windows\system32\config\systemprofile\.m2\repository\org\sonatype\plexus\plexus-cipher\1.4\plexus-cipher-1.4.jar;C:\windows\system32\config\systemprofile\.m2\repository\net\masterthought\cucumber-reporting\5.0.0\cucumber-reporting-5.0.0.jar;C:\windows\system32\config\systemprofile\.m2\repository\com\fasterxml\jackson\core\jackson-databind\2.9.10.1\jackson-databind-2.9.10.1.jar;C:\windows\system32\config\systemprofile\.m2\repository\com\fasterxml\jackson\core\jackson-annotations\2.9.10\jackson-annotations-2.9.10.jar;C:\windows\system32\config\systemprofile\.m2\repository\com\fasterxml\jackson\core\jackson-core\2.9.10\jackson-core-2.9.10.jar;C:\windows\system32\config\systemprofile\.m2\repository\com\fasterxml\jackson\datatype\jackson-datatype-jsr310\2.10.1\jackson-datatype-jsr310-2.10.1.jar;C:\windows\system32\config\systemprofile\.m2\repository\org\apache\velocity\velocity-engine-core\2.1\velocity-engine-core-2.1.jar;C:\windows\system32\config\systemprofile\.m2\repository\commons-collections\commons-collections\3.2.2\commons-collections-3.2.2.jar;C:\windows\system32\config\systemprofile\.m2\repository\joda-time\joda-time\2.10.2\joda-time-2.10.2.jar;C:\windows\system32\config\systemprofile\.m2\repository\commons-io\commons-io\2.6\commons-io-2.6.jar;C:\windows\system32\config\systemprofile\.m2\repository\org\jsoup\jsoup\1.12.1\jsoup-1.12.1.jar;C:\windows\system32\config\systemprofile\.m2\repository\com\googlecode\owasp-java-html-sanitizer\owasp-java-html-sanitizer\20190610.1\owasp-java-html-sanitizer-20190610.1.jar;C:\windows\system32\config\systemprofile\.m2\repository\com\google\guava\guava\27.1-jre\guava-27.1-jre.jar;C:\windows\system32\config\systemprofile\.m2\repository\com\google\guava\failureaccess\1.0.1\failureaccess-1.0.1.jar;C:\windows\system32\config\systemprofile\.m2\repository\com\google\guava\listenablefuture\9999.0-empty-to-avoid-conflict-with-guava\listenablefuture-9999.0-empty-to-avoid-conflict-with-guava.jar;C:\windows\system32\config\systemprofile\.m2\repository\com\google\code\findbugs\jsr305\3.0.2\jsr305-3.0.2.jar;C:\windows\system32\config\systemprofile\.m2\repository\org\checkerframework\checker-qual\2.5.2\checker-qual-2.5.2.jar;C:\windows\system32\config\systemprofile\.m2\repository\com\google\errorprone\error_prone_annotations\2.2.0\error_prone_annotations-2.2.0.jar;C:\windows\system32\config\systemprofile\.m2\repository\com\google\j2objc\j2objc-annotations\1.1\j2objc-annotations-1.1.jar;C:\windows\system32\config\systemprofile\.m2\repository\org\codehaus\mojo\animal-sniffer-annotations\1.17\animal-sniffer-annotations-1.17.jar;C:\windows\system32\config\systemprofile\.m2\repository\commons-configuration\commons-configuration\1.10\commons-configuration-1.10.jar;C:\windows\system32\config\systemprofile\.m2\repository\commons-lang\commons-lang\2.6\commons-lang-2.6.jar;C:\windows\system32\config\systemprofile\.m2\repository\org\slf4j\slf4j-api\1.7.30\slf4j-api-1.7.30.jar;C:\windows\system32\config\systemprofile\.m2\repository\org\slf4j\slf4j-jdk14\1.7.30\slf4j-jdk14-1.7.30.jar;"/>
    <property name="java.vm.vendor" value="Oracle Corporation"/>
    <property name="sun.arch.data.model" value="64"/>
    <property name="user.variant" value=""/>
    <property name="java.vendor.url" value="http://java.oracle.com/"/>
    <property name="user.timezone" value="Asia/Calcutta"/>
    <property name="java.vm.specification.version" value="1.8"/>
    <property name="os.name" value="Windows 10"/>
    <property name="user.country" value="US"/>
    <property name="sun.java.launcher" value="SUN_STANDARD"/>
    <property name="sun.boot.library.path" value="C:\Program Files\Java\jdk1.8.0_251\jre\bin"/>
    <property name="sun.java.command" value="C:\windows\TEMP\surefire7614783095401938189\surefirebooter7781047746643559198.jar C:\Windows\Temp\surefire7614783095401938189 2020-06-20T17-51-30_868-jvmRun1 surefire3562133499506304289tmp surefire_04476024415133862678tmp"/>
    <property name="surefire.test.class.path" value="C:\Users\VDUDDUKU\eclipse-workspace\APIFramework\target\test-classes;C:\Users\VDUDDUKU\eclipse-workspace\APIFramework\target\classes;C:\windows\system32\config\systemprofile\.m2\repository\junit\junit\4.11\junit-4.11.jar;C:\windows\system32\config\systemprofile\.m2\repository\org\hamcrest\hamcrest-core\1.3\hamcrest-core-1.3.jar;C:\windows\system32\config\systemprofile\.m2\repository\io\cucumber\cucumber-java\4.2.6\cucumber-java-4.2.6.jar;C:\windows\system32\config\systemprofile\.m2\repository\io\cucumber\cucumber-core\4.2.6\cucumber-core-4.2.6.jar;C:\windows\system32\config\systemprofile\.m2\repository\io\cucumber\cucumber-html\0.2.7\cucumber-html-0.2.7.jar;C:\windows\system32\config\systemprofile\.m2\repository\io\cucumber\gherkin\5.1.0\gherkin-5.1.0.jar;C:\windows\system32\config\systemprofile\.m2\repository\io\cucumber\tag-expressions\1.1.1\tag-expressions-1.1.1.jar;C:\windows\system32\config\systemprofile\.m2\repository\io\cucumber\cucumber-expressions\6.2.0\cucumber-expressions-6.2.0.jar;C:\windows\system32\config\systemprofile\.m2\repository\io\cucumber\datatable\1.1.12\datatable-1.1.12.jar;C:\windows\system32\config\systemprofile\.m2\repository\io\cucumber\datatable-dependencies\1.1.12\datatable-dependencies-1.1.12.jar;C:\windows\system32\config\systemprofile\.m2\repository\io\cucumber\cucumber-testng\4.2.6\cucumber-testng-4.2.6.jar;C:\windows\system32\config\systemprofile\.m2\repository\org\testng\testng\6.14.3\testng-6.14.3.jar;C:\windows\system32\config\systemprofile\.m2\repository\com\beust\jcommander\1.72\jcommander-1.72.jar;C:\windows\system32\config\systemprofile\.m2\repository\org\apache-extras\beanshell\bsh\2.0b6\bsh-2.0b6.jar;C:\windows\system32\config\systemprofile\.m2\repository\io\rest-assured\rest-assured\4.3.0\rest-assured-4.3.0.jar;C:\windows\system32\config\systemprofile\.m2\repository\org\codehaus\groovy\groovy\3.0.2\groovy-3.0.2.jar;C:\windows\system32\config\systemprofile\.m2\repository\org\codehaus\groovy\groovy-xml\3.0.2\groovy-xml-3.0.2.jar;C:\windows\system32\config\systemprofile\.m2\repository\org\apache\httpcomponents\httpclient\4.5.3\httpclient-4.5.3.jar;C:\windows\system32\config\systemprofile\.m2\repository\org\apache\httpcomponents\httpcore\4.4.6\httpcore-4.4.6.jar;C:\windows\system32\config\systemprofile\.m2\repository\commons-logging\commons-logging\1.2\commons-logging-1.2.jar;C:\windows\system32\config\systemprofile\.m2\repository\commons-codec\commons-codec\1.9\commons-codec-1.9.jar;C:\windows\system32\config\systemprofile\.m2\repository\org\apache\httpcomponents\httpmime\4.5.3\httpmime-4.5.3.jar;C:\windows\system32\config\systemprofile\.m2\repository\org\hamcrest\hamcrest\2.1\hamcrest-2.1.jar;C:\windows\system32\config\systemprofile\.m2\repository\org\ccil\cowan\tagsoup\tagsoup\1.2.1\tagsoup-1.2.1.jar;C:\windows\system32\config\systemprofile\.m2\repository\io\rest-assured\json-path\4.3.0\json-path-4.3.0.jar;C:\windows\system32\config\systemprofile\.m2\repository\org\codehaus\groovy\groovy-json\3.0.2\groovy-json-3.0.2.jar;C:\windows\system32\config\systemprofile\.m2\repository\io\rest-assured\rest-assured-common\4.3.0\rest-assured-common-4.3.0.jar;C:\windows\system32\config\systemprofile\.m2\repository\io\rest-assured\xml-path\4.3.0\xml-path-4.3.0.jar;C:\windows\system32\config\systemprofile\.m2\repository\org\apache\commons\commons-lang3\3.4\commons-lang3-3.4.jar;C:\windows\system32\config\systemprofile\.m2\repository\jakarta\xml\bind\jakarta.xml.bind-api\2.3.2\jakarta.xml.bind-api-2.3.2.jar;C:\windows\system32\config\systemprofile\.m2\repository\jakarta\activation\jakarta.activation-api\1.2.1\jakarta.activation-api-1.2.1.jar;C:\windows\system32\config\systemprofile\.m2\repository\com\sun\xml\bind\jaxb-osgi\2.3.0.1\jaxb-osgi-2.3.0.1.jar;C:\windows\system32\config\systemprofile\.m2\repository\org\apache\sling\org.apache.sling.javax.activation\0.1.0\org.apache.sling.javax.activation-0.1.0.jar;C:\windows\system32\config\systemprofile\.m2\repository\javax\activation\activation\1.1.1\activation-1.1.1.jar;C:\windows\system32\config\systemprofile\.m2\repository\com\google\code\gson\gson\2.8.6\gson-2.8.6.jar;C:\windows\system32\config\systemprofile\.m2\repository\net\masterthought\maven-cucumber-reporting\5.0.0\maven-cucumber-reporting-5.0.0.jar;C:\windows\system32\config\systemprofile\.m2\repository\org\apache\maven\maven-plugin-api\3.6.2\maven-plugin-api-3.6.2.jar;C:\windows\system32\config\systemprofile\.m2\repository\org\apache\maven\maven-model\3.6.2\maven-model-3.6.2.jar;C:\windows\system32\config\systemprofile\.m2\repository\org\apache\maven\maven-artifact\3.6.2\maven-artifact-3.6.2.jar;C:\windows\system32\config\systemprofile\.m2\repository\org\eclipse\sisu\org.eclipse.sisu.plexus\0.3.3\org.eclipse.sisu.plexus-0.3.3.jar;C:\windows\system32\config\systemprofile\.m2\repository\javax\enterprise\cdi-api\1.0\cdi-api-1.0.jar;C:\windows\system32\config\systemprofile\.m2\repository\javax\annotation\jsr250-api\1.0\jsr250-api-1.0.jar;C:\windows\system32\config\systemprofile\.m2\repository\javax\inject\javax.inject\1\javax.inject-1.jar;C:\windows\system32\config\systemprofile\.m2\repository\org\eclipse\sisu\org.eclipse.sisu.inject\0.3.3\org.eclipse.sisu.inject-0.3.3.jar;C:\windows\system32\config\systemprofile\.m2\repository\org\codehaus\plexus\plexus-component-annotations\1.5.5\plexus-component-annotations-1.5.5.jar;C:\windows\system32\config\systemprofile\.m2\repository\org\codehaus\plexus\plexus-utils\3.2.1\plexus-utils-3.2.1.jar;C:\windows\system32\config\systemprofile\.m2\repository\org\codehaus\plexus\plexus-classworlds\2.6.0\plexus-classworlds-2.6.0.jar;C:\windows\system32\config\systemprofile\.m2\repository\org\apache\maven\plugins\maven-gpg-plugin\1.6\maven-gpg-plugin-1.6.jar;C:\windows\system32\config\systemprofile\.m2\repository\org\apache\maven\maven-project\2.2.1\maven-project-2.2.1.jar;C:\windows\system32\config\systemprofile\.m2\repository\org\apache\maven\maven-settings\2.2.1\maven-settings-2.2.1.jar;C:\windows\system32\config\systemprofile\.m2\repository\org\apache\maven\maven-profile\2.2.1\maven-profile-2.2.1.jar;C:\windows\system32\config\systemprofile\.m2\repository\org\apache\maven\maven-artifact-manager\2.2.1\maven-artifact-manager-2.2.1.jar;C:\windows\system32\config\systemprofile\.m2\repository\org\apache\maven\wagon\wagon-provider-api\1.0-beta-6\wagon-provider-api-1.0-beta-6.jar;C:\windows\system32\config\systemprofile\.m2\repository\backport-util-concurrent\backport-util-concurrent\3.1\backport-util-concurrent-3.1.jar;C:\windows\system32\config\systemprofile\.m2\repository\org\apache\maven\maven-plugin-registry\2.2.1\maven-plugin-registry-2.2.1.jar;C:\windows\system32\config\systemprofile\.m2\repository\org\codehaus\plexus\plexus-interpolation\1.11\plexus-interpolation-1.11.jar;C:\windows\system32\config\systemprofile\.m2\repository\org\codehaus\plexus\plexus-container-default\1.0-alpha-9-stable-1\plexus-container-default-1.0-alpha-9-stable-1.jar;C:\windows\system32\config\systemprofile\.m2\repository\classworlds\classworlds\1.1-alpha-2\classworlds-1.1-alpha-2.jar;C:\windows\system32\config\systemprofile\.m2\repository\org\apache\maven\maven-repository-metadata\2.2.1\maven-repository-metadata-2.2.1.jar;C:\windows\system32\config\systemprofile\.m2\repository\org\sonatype\plexus\plexus-sec-dispatcher\1.4\plexus-sec-dispatcher-1.4.jar;C:\windows\system32\config\systemprofile\.m2\repository\org\sonatype\plexus\plexus-cipher\1.4\plexus-cipher-1.4.jar;C:\windows\system32\config\systemprofile\.m2\repository\net\masterthought\cucumber-reporting\5.0.0\cucumber-reporting-5.0.0.jar;C:\windows\system32\config\systemprofile\.m2\repository\com\fasterxml\jackson\core\jackson-databind\2.9.10.1\jackson-databind-2.9.10.1.jar;C:\windows\system32\config\systemprofile\.m2\repository\com\fasterxml\jackson\core\jackson-annotations\2.9.10\jackson-annotations-2.9.10.jar;C:\windows\system32\config\systemprofile\.m2\repository\com\fasterxml\jackson\core\jackson-core\2.9.10\jackson-core-2.9.10.jar;C:\windows\system32\config\systemprofile\.m2\repository\com\fasterxml\jackson\datatype\jackson-datatype-jsr310\2.10.1\jackson-datatype-jsr310-2.10.1.jar;C:\windows\system32\config\systemprofile\.m2\repository\org\apache\velocity\velocity-engine-core\2.1\velocity-engine-core-2.1.jar;C:\windows\system32\config\systemprofile\.m2\repository\commons-collections\commons-collections\3.2.2\commons-collections-3.2.2.jar;C:\windows\system32\config\systemprofile\.m2\repository\joda-time\joda-time\2.10.2\joda-time-2.10.2.jar;C:\windows\system32\config\systemprofile\.m2\repository\commons-io\commons-io\2.6\commons-io-2.6.jar;C:\windows\system32\config\systemprofile\.m2\repository\org\jsoup\jsoup\1.12.1\jsoup-1.12.1.jar;C:\windows\system32\config\systemprofile\.m2\repository\com\googlecode\owasp-java-html-sanitizer\owasp-java-html-sanitizer\20190610.1\owasp-java-html-sanitizer-20190610.1.jar;C:\windows\system32\config\systemprofile\.m2\repository\com\google\guava\guava\27.1-jre\guava-27.1-jre.jar;C:\windows\system32\config\systemprofile\.m2\repository\com\google\guava\failureaccess\1.0.1\failureaccess-1.0.1.jar;C:\windows\system32\config\systemprofile\.m2\repository\com\google\guava\listenablefuture\9999.0-empty-to-avoid-conflict-with-guava\listenablefuture-9999.0-empty-to-avoid-conflict-with-guava.jar;C:\windows\system32\config\systemprofile\.m2\repository\com\google\code\findbugs\jsr305\3.0.2\jsr305-3.0.2.jar;C:\windows\system32\config\systemprofile\.m2\repository\org\checkerframework\checker-qual\2.5.2\checker-qual-2.5.2.jar;C:\windows\system32\config\systemprofile\.m2\repository\com\google\errorprone\error_prone_annotations\2.2.0\error_prone_annotations-2.2.0.jar;C:\windows\system32\config\systemprofile\.m2\repository\com\google\j2objc\j2objc-annotations\1.1\j2objc-annotations-1.1.jar;C:\windows\system32\config\systemprofile\.m2\repository\org\codehaus\mojo\animal-sniffer-annotations\1.17\animal-sniffer-annotations-1.17.jar;C:\windows\system32\config\systemprofile\.m2\repository\commons-configuration\commons-configuration\1.10\commons-configuration-1.10.jar;C:\windows\system32\config\systemprofile\.m2\repository\commons-lang\commons-lang\2.6\commons-lang-2.6.jar;C:\windows\system32\config\systemprofile\.m2\repository\org\slf4j\slf4j-api\1.7.30\slf4j-api-1.7.30.jar;C:\windows\system32\config\systemprofile\.m2\repository\org\slf4j\slf4j-jdk14\1.7.30\slf4j-jdk14-1.7.30.jar;"/>
    <property name="sun.cpu.endian" value="little"/>
    <property name="user.home" value="C:\windows\system32\config\systemprofile"/>
    <property name="user.language" value="en"/>
    <property name="java.specification.vendor" value="Oracle Corporation"/>
    <property name="java.home" value="C:\Program Files\Java\jdk1.8.0_251\jre"/>
    <property name="basedir" value="C:\Users\VDUDDUKU\eclipse-workspace\APIFramework"/>
    <property name="file.separator" value="\"/>
    <property name="line.separator" value="&#10;"/>
    <property name="java.vm.specification.vendor" value="Oracle Corporation"/>
    <property name="java.specification.name" value="Java Platform API Specification"/>
    <property name="java.awt.graphicsenv" value="sun.awt.Win32GraphicsEnvironment"/>
    <property name="surefire.real.class.path" value="C:\windows\TEMP\surefire7614783095401938189\surefirebooter7781047746643559198.jar"/>
    <property name="sun.boot.class.path" value="C:\Program Files\Java\jdk1.8.0_251\jre\lib\resources.jar;C:\Program Files\Java\jdk1.8.0_251\jre\lib\rt.jar;C:\Program Files\Java\jdk1.8.0_251\jre\lib\sunrsasign.jar;C:\Program Files\Java\jdk1.8.0_251\jre\lib\jsse.jar;C:\Program Files\Java\jdk1.8.0_251\jre\lib\jce.jar;C:\Program Files\Java\jdk1.8.0_251\jre\lib\charsets.jar;C:\Program Files\Java\jdk1.8.0_251\jre\lib\jfr.jar;C:\Program Files\Java\jdk1.8.0_251\jre\classes"/>
    <property name="user.script" value=""/>
    <property name="sun.management.compiler" value="HotSpot 64-Bit Tiered Compilers"/>
    <property name="java.runtime.version" value="1.8.0_251-b08"/>
    <property name="user.name" value="VDUDDUKU-L470$"/>
    <property name="path.separator" value=";"/>
    <property name="os.version" value="10.0"/>
    <property name="java.endorsed.dirs" value="C:\Program Files\Java\jdk1.8.0_251\jre\lib\endorsed"/>
    <property name="java.runtime.name" value="Java(TM) SE Runtime Environment"/>
    <property name="file.encoding" value="Cp1252"/>
    <property name="java.vm.name" value="Java HotSpot(TM) 64-Bit Server VM"/>
    <property name="localRepository" value="C:\windows\system32\config\systemprofile\.m2\repository"/>
    <property name="cucumber.options" value="--tags @Regression"/>
    <property name="java.vendor.url.bug" value="http://bugreport.sun.com/bugreport/"/>
    <property name="java.io.tmpdir" value="C:\windows\TEMP\"/>
    <property name="java.version" value="1.8.0_251"/>
    <property name="user.dir" value="C:\Users\VDUDDUKU\eclipse-workspace\APIFramework"/>
    <property name="os.arch" value="amd64"/>
    <property name="java.vm.specification.name" value="Java Virtual Machine Specification"/>
    <property name="java.awt.printerjob" value="sun.awt.windows.WPrinterJob"/>
    <property name="sun.os.patch.level" value=""/>
    <property name="java.library.path" value="C:\Program Files\Java\jdk1.8.0_251\jre\bin;C:\windows\Sun\Java\bin;C:\windows\system32;C:\windows;C:\Program Files\Java\jdk1.8.0_251/bin;C:\Program Files\Java\jdk1.8.0_251/bin;C:\1264_35848\FAP\DLL;C:\1263_35787\FAP\DLL;C:\1264_35786\FAP\DLL;C:\Program Files (x86)\Common Files\Oracle\Java\javapath;C:\windows\system32;C:\windows;C:\windows\System32\Wbem;C:\windows\System32\WindowsPowerShell\v1.0\;C:\windows\System32\OpenSSH\;C:\Program Files\CrashPlan\jre\bin\server\;C:\Program Files\CrashPlan\jre\bin\;C:\Program Files (x86)\Sennheiser\SoftphoneSDK\;C:\Program Files\TortoiseSVN\bin;C:\Program Files\apache-maven-3.6.3\bin;C:\Program Files\Git\cmd;C:\Program Files\nodejs\;C:\windows\system32\config\systemprofile\AppData\Local\Microsoft\WindowsApps;."/>
    <property name="java.vm.info" value="mixed mode"/>
    <property name="java.vendor" value="Oracle Corporation"/>
    <property name="java.vm.version" value="25.251-b08"/>
    <property name="java.ext.dirs" value="C:\Program Files\Java\jdk1.8.0_251\jre\lib\ext;C:\windows\Sun\Java\lib\ext"/>
    <property name="sun.io.unicode.encoding" value="UnicodeLittle"/>
    <property name="java.class.version" value="52.0"/>
  </properties>
  <testcase name="feature" classname="cucumber.Options.TestRunner" time="5.432"/>
  <testcase name="feature" classname="cucumber.Options.TestRunner" time="0.119"/>
</testsuite>