<?xml version="1.0" encoding="UTF-8"?>
<!-- Generated by org.testng.reporters.JUnitReportReporter -->
<testsuite skipped="0" hostname="VDUDDUKU-L470" name="cucumber.Options.TestRunner" tests="2" failures="0" timestamp="20 Jun 2020 10:56:24 GMT" time="3.424" errors="0">
  <testcase name="runScenario" time="0.037" classname="cucumber.Options.TestRunner"/>
  <testcase name="runScenario" time="3.387" classname="cucumber.Options.TestRunner"/>
</testsuite> <!-- cucumber.Options.TestRunner -->
