<?xml version="1.0" encoding="UTF-8"?>
<!-- Generated by org.testng.reporters.JUnitReportReporter -->
<testsuite skipped="0" hostname="VDUDDUKU-L470" name="cucumber.Options.TestRunner" tests="2" failures="0" timestamp="20 Jun 2020 12:21:42 GMT" time="5.518" errors="0">
  <testcase name="feature" time="5.422" classname="cucumber.Options.TestRunner"/>
  <testcase name="feature" time="0.096" classname="cucumber.Options.TestRunner"/>
</testsuite> <!-- cucumber.Options.TestRunner -->
